<?xml version="1.0" encoding="UTF-8"?>
<!-- Generated by org.testng.reporters.JUnitReportReporter -->
<testsuite hostname="ASUS-TUF-F15" failures="0" tests="2" name="module1.orgModule" time="0.011" errors="0" timestamp="2024-07-29T12:21:21 IST" skipped="0">
  <testcase classname="module1.orgModule" name="DeleteOrg" time="0.002"/>
  <testcase classname="module1.orgModule" name="CreateOrg" time="0.009"/>
</testsuite> <!-- module1.orgModule -->
